<?xml version="1.0" encoding="UTF-8"?>
<robot generator="Robot 6.1.1 (Python 3.11.6 on darwin)" generated="20231120 18:12:01.006" rpa="false" schemaversion="4">
<suite id="s1" name="Tests" source="/Users/rekren/repos/palautusrepositorio/viikko3/login-robot/src/tests">
<suite id="s1-s1" name="Login" source="/Users/rekren/repos/palautusrepositorio/viikko3/login-robot/src/tests/login.robot">
<test id="s1-s1-t1" name="Login With Correct Credentials" line="6">
<kw name="Create User And Input Login Command" type="SETUP">
<kw name="Create User" library="AppLibrary">
<arg>kalle</arg>
<arg>kalle123</arg>
<status status="PASS" starttime="20231120 18:12:01.015" endtime="20231120 18:12:01.015"/>
</kw>
<kw name="Input Login Command" library="resource">
<kw name="Input" library="AppLibrary">
<arg>login</arg>
<status status="PASS" starttime="20231120 18:12:01.015" endtime="20231120 18:12:01.016"/>
</kw>
<status status="PASS" starttime="20231120 18:12:01.015" endtime="20231120 18:12:01.016"/>
</kw>
<status status="PASS" starttime="20231120 18:12:01.015" endtime="20231120 18:12:01.016"/>
</kw>
<kw name="Input Credentials" library="resource">
<arg>kalle</arg>
<arg>kalle123</arg>
<kw name="Input" library="AppLibrary">
<arg>${username}</arg>
<status status="PASS" starttime="20231120 18:12:01.016" endtime="20231120 18:12:01.016"/>
</kw>
<kw name="Input" library="AppLibrary">
<arg>${password}</arg>
<status status="PASS" starttime="20231120 18:12:01.016" endtime="20231120 18:12:01.016"/>
</kw>
<kw name="Run Application" library="AppLibrary">
<status status="PASS" starttime="20231120 18:12:01.016" endtime="20231120 18:12:01.016"/>
</kw>
<status status="PASS" starttime="20231120 18:12:01.016" endtime="20231120 18:12:01.016"/>
</kw>
<kw name="Output Should Contain" library="AppLibrary">
<arg>Logged in</arg>
<status status="PASS" starttime="20231120 18:12:01.016" endtime="20231120 18:12:01.016"/>
</kw>
<status status="PASS" starttime="20231120 18:12:01.015" endtime="20231120 18:12:01.016"/>
</test>
<test id="s1-s1-t2" name="Login With Incorrect Password" line="10">
<kw name="Create User And Input Login Command" type="SETUP">
<kw name="Create User" library="AppLibrary">
<arg>kalle</arg>
<arg>kalle123</arg>
<status status="PASS" starttime="20231120 18:12:01.016" endtime="20231120 18:12:01.016"/>
</kw>
<kw name="Input Login Command" library="resource">
<kw name="Input" library="AppLibrary">
<arg>login</arg>
<status status="PASS" starttime="20231120 18:12:01.016" endtime="20231120 18:12:01.016"/>
</kw>
<status status="PASS" starttime="20231120 18:12:01.016" endtime="20231120 18:12:01.016"/>
</kw>
<status status="PASS" starttime="20231120 18:12:01.016" endtime="20231120 18:12:01.017"/>
</kw>
<kw name="Input Credentials" library="resource">
<arg>kalle</arg>
<arg>wrongpassword</arg>
<kw name="Input" library="AppLibrary">
<arg>${username}</arg>
<status status="PASS" starttime="20231120 18:12:01.017" endtime="20231120 18:12:01.017"/>
</kw>
<kw name="Input" library="AppLibrary">
<arg>${password}</arg>
<status status="PASS" starttime="20231120 18:12:01.017" endtime="20231120 18:12:01.017"/>
</kw>
<kw name="Run Application" library="AppLibrary">
<status status="PASS" starttime="20231120 18:12:01.017" endtime="20231120 18:12:01.017"/>
</kw>
<status status="PASS" starttime="20231120 18:12:01.017" endtime="20231120 18:12:01.017"/>
</kw>
<kw name="Output Should Contain" library="AppLibrary">
<arg>Invalid username or password</arg>
<status status="PASS" starttime="20231120 18:12:01.017" endtime="20231120 18:12:01.017"/>
</kw>
<status status="PASS" starttime="20231120 18:12:01.016" endtime="20231120 18:12:01.017"/>
</test>
<test id="s1-s1-t3" name="Login With Nonexistent Username" line="14">
<kw name="Create User And Input Login Command" type="SETUP">
<kw name="Create User" library="AppLibrary">
<arg>kalle</arg>
<arg>kalle123</arg>
<status status="PASS" starttime="20231120 18:12:01.017" endtime="20231120 18:12:01.017"/>
</kw>
<kw name="Input Login Command" library="resource">
<kw name="Input" library="AppLibrary">
<arg>login</arg>
<status status="PASS" starttime="20231120 18:12:01.017" endtime="20231120 18:12:01.017"/>
</kw>
<status status="PASS" starttime="20231120 18:12:01.017" endtime="20231120 18:12:01.017"/>
</kw>
<status status="PASS" starttime="20231120 18:12:01.017" endtime="20231120 18:12:01.017"/>
</kw>
<kw name="Input Credentials" library="resource">
<arg>nonexisting</arg>
<arg>password</arg>
<kw name="Input" library="AppLibrary">
<arg>${username}</arg>
<status status="PASS" starttime="20231120 18:12:01.017" endtime="20231120 18:12:01.017"/>
</kw>
<kw name="Input" library="AppLibrary">
<arg>${password}</arg>
<status status="PASS" starttime="20231120 18:12:01.018" endtime="20231120 18:12:01.018"/>
</kw>
<kw name="Run Application" library="AppLibrary">
<status status="PASS" starttime="20231120 18:12:01.018" endtime="20231120 18:12:01.018"/>
</kw>
<status status="PASS" starttime="20231120 18:12:01.017" endtime="20231120 18:12:01.018"/>
</kw>
<kw name="Output Should Contain" library="AppLibrary">
<arg>Invalid username or password</arg>
<status status="PASS" starttime="20231120 18:12:01.018" endtime="20231120 18:12:01.018"/>
</kw>
<status status="PASS" starttime="20231120 18:12:01.017" endtime="20231120 18:12:01.018"/>
</test>
<status status="PASS" starttime="20231120 18:12:01.013" endtime="20231120 18:12:01.018"/>
</suite>
<status status="PASS" starttime="20231120 18:12:01.007" endtime="20231120 18:12:01.018"/>
</suite>
<statistics>
<total>
<stat pass="3" fail="0" skip="0">All Tests</stat>
</total>
<tag>
</tag>
<suite>
<stat pass="3" fail="0" skip="0" id="s1" name="Tests">Tests</stat>
<stat pass="3" fail="0" skip="0" id="s1-s1" name="Login">Tests.Login</stat>
</suite>
</statistics>
<errors>
</errors>
</robot>
